
> mafia-game@0.1.0 build
> next build

[33m[1m⚠[22m[39m No build cache found. Please configure build caching for faster rebuilds. Read more: https://nextjs.org/docs/messages/no-cache
[35m[1mAttention[22m[39m: Next.js now collects completely anonymous telemetry regarding usage.
This information is used to shape Next.js' roadmap and prioritize features.
You can learn more, including how to opt-out if you'd not like to participate in this anonymous program, by visiting the following URL:
[36mhttps://nextjs.org/telemetry[39m

[1m[38;2;173;127;168m▲ Next.js 16.2.10[39m[22m (Turbopack)
- Environments: .env.local

[37m[1m [22m[39m Creating an optimized production build ...
[32m[1m✓[22m[39m Compiled successfully in 3.3s
[37m[1m [22m[39m Running TypeScript ...
[31mFailed to type check.
[39m
[36m./app/safehouse/page.tsx[39m:[33m62[39m:[33m135[39m
[31m[1mType error[22m[39m: Property 'avatar_url' does not exist on type 'Player'.

  [90m60 |[0m ...
  [90m61 |[0m ...
[31m[1m>[0m [90m62 |[0m ...[32m00 border px-2 py-1"[0m defaultValue={player?.avatar_url || [32m'https://picsum.photos/id/1005...[0m
  [90m   |[0m                                               [31m[1m^[0m
  [90m63 |[0m ...
  [90m64 |[0m ...
  [90m65 |[0m ...
Next.js build worker exited with code: 1 and signal: null
